[2023-12-22 10:14:14 INFO  main] [com.green.greengram3.feed.FeedControllerTest] Starting FeedControllerTest using Java 17.0.8.1 with PID 10180 (started by Administrator in D:\Students\kth\greengram3)
[2023-12-22 10:14:14 INFO  main] [com.green.greengram3.feed.FeedControllerTest] No active profile set, falling back to 1 default profile: "default"
[2023-12-22 10:14:14 WARN  main] [org.springframework.web.context.support.GenericWebApplicationContext] Exception encountered during context initialization - cancelling refresh attempt: org.springframework.beans.factory.UnsatisfiedDependencyException: Error creating bean with name 'feedController' defined in file [D:\Students\kth\greengram3\target\classes\com\green\greengram3\feed\FeedController.class]: Unsatisfied dependency expressed through constructor parameter 0: No qualifying bean of type 'com.green.greengram3.feed.FeedService' available: expected at least 1 bean which qualifies as autowire candidate. Dependency annotations: {}
[2023-12-22 10:14:14 INFO  main] [org.springframework.boot.autoconfigure.logging.ConditionEvaluationReportLogger] 

Error starting ApplicationContext. To display the condition evaluation report re-run your application with 'debug' enabled.
[2023-12-22 10:14:14 ERROR main] [org.springframework.boot.diagnostics.LoggingFailureAnalysisReporter] 

***************************
APPLICATION FAILED TO START
***************************

Description:

Parameter 0 of constructor in com.green.greengram3.feed.FeedController required a bean of type 'com.green.greengram3.feed.FeedService' that could not be found.


Action:

Consider defining a bean of type 'com.green.greengram3.feed.FeedService' in your configuration.

[2023-12-22 10:14:14 ERROR main] [org.springframework.test.context.TestContextManager] Caught exception while allowing TestExecutionListener [org.springframework.test.context.support.DependencyInjectionTestExecutionListener] to prepare test instance [com.green.greengram3.feed.FeedControllerTest@60d40ff4]
java.lang.IllegalStateException: Failed to load ApplicationContext for [WebMergedContextConfiguration@6a2c717f testClass = com.green.greengram3.feed.FeedControllerTest, locations = [], classes = [com.green.greengram3.Greengram3Application], contextInitializerClasses = [], activeProfiles = [], propertySourceDescriptors = [], propertySourceProperties = ["org.springframework.boot.test.autoconfigure.web.servlet.WebMvcTestContextBootstrapper=true"], contextCustomizers = [[ImportsContextCustomizer@41853299 key = [org.springframework.boot.autoconfigure.task.TaskExecutionAutoConfiguration, org.springframework.boot.autoconfigure.cache.CacheAutoConfiguration, org.springframework.boot.autoconfigure.web.servlet.HttpEncodingAutoConfiguration, org.springframework.boot.autoconfigure.validation.ValidationAutoConfiguration, org.springframework.boot.autoconfigure.context.MessageSourceAutoConfiguration, org.springframework.boot.autoconfigure.hateoas.HypermediaAutoConfiguration, org.springframework.boot.autoconfigure.data.web.SpringDataWebAutoConfiguration, org.springframework.boot.autoconfigure.jackson.JacksonAutoConfiguration, org.springframework.boot.test.autoconfigure.web.reactive.WebTestClientAutoConfiguration, org.springframework.boot.autoconfigure.web.servlet.error.ErrorMvcAutoConfiguration, org.springframework.boot.test.autoconfigure.web.servlet.MockMvcAutoConfiguration, org.springframework.boot.autoconfigure.security.servlet.SecurityAutoConfiguration, org.springframework.boot.autoconfigure.security.servlet.SecurityFilterAutoConfiguration, org.springframework.boot.autoconfigure.http.HttpMessageConvertersAutoConfiguration, org.springframework.boot.autoconfigure.security.oauth2.client.servlet.OAuth2ClientAutoConfiguration, org.springframework.boot.test.autoconfigure.web.servlet.MockMvcSecurityConfiguration, org.springframework.boot.test.autoconfigure.web.servlet.MockMvcWebClientAutoConfiguration, org.springframework.boot.test.autoconfigure.web.servlet.MockMvcWebDriverAutoConfiguration, org.springframework.boot.autoconfigure.thymeleaf.ThymeleafAutoConfiguration, org.springframework.boot.autoconfigure.gson.GsonAutoConfiguration, org.springframework.boot.autoconfigure.jsonb.JsonbAutoConfiguration, org.springframework.boot.autoconfigure.freemarker.FreeMarkerAutoConfiguration, org.springframework.boot.autoconfigure.web.servlet.WebMvcAutoConfiguration, org.springframework.boot.autoconfigure.security.servlet.UserDetailsServiceAutoConfiguration, org.springframework.boot.autoconfigure.security.oauth2.resource.servlet.OAuth2ResourceServerAutoConfiguration, org.springframework.boot.autoconfigure.groovy.template.GroovyTemplateAutoConfiguration, org.springframework.boot.autoconfigure.mustache.MustacheAutoConfiguration]], org.springframework.boot.test.context.filter.ExcludeFilterContextCustomizer@6f53b8a, org.springframework.boot.test.json.DuplicateJsonObjectContextCustomizerFactory$DuplicateJsonObjectContextCustomizer@6f01b95f, org.springframework.boot.test.mock.mockito.MockitoContextCustomizer@0, org.springframework.boot.test.autoconfigure.OverrideAutoConfigurationContextCustomizerFactory$DisableAutoConfigurationContextCustomizer@338fc1d8, org.springframework.boot.test.autoconfigure.actuate.observability.ObservabilityContextCustomizerFactory$DisableObservabilityContextCustomizer@1f, org.springframework.boot.test.autoconfigure.filter.TypeExcludeFiltersContextCustomizer@5978a5d7, org.springframework.boot.test.autoconfigure.properties.PropertyMappingContextCustomizer@435429ba, org.springframework.boot.test.autoconfigure.web.servlet.WebDriverContextCustomizer@1e16c0aa, org.springframework.boot.test.context.SpringBootTestAnnotation@af3eb70c], resourceBasePath = "src/main/webapp", contextLoader = org.springframework.boot.test.context.SpringBootContextLoader, parent = null]
	at org.springframework.test.context.cache.DefaultCacheAwareContextLoaderDelegate.loadContext(DefaultCacheAwareContextLoaderDelegate.java:180)
	at org.springframework.test.context.support.DefaultTestContext.getApplicationContext(DefaultTestContext.java:130)
	at org.springframework.test.context.support.DependencyInjectionTestExecutionListener.injectDependencies(DependencyInjectionTestExecutionListener.java:141)
	at org.springframework.test.context.support.DependencyInjectionTestExecutionListener.prepareTestInstance(DependencyInjectionTestExecutionListener.java:97)
	at org.springframework.test.context.TestContextManager.prepareTestInstance(TestContextManager.java:247)
	at org.springframework.test.context.junit.jupiter.SpringExtension.postProcessTestInstance(SpringExtension.java:163)
	at org.junit.jupiter.engine.descriptor.ClassBasedTestDescriptor.lambda$invokeTestInstancePostProcessors$10(ClassBasedTestDescriptor.java:378)
	at org.junit.jupiter.engine.descriptor.ClassBasedTestDescriptor.executeAndMaskThrowable(ClassBasedTestDescriptor.java:383)
	at org.junit.jupiter.engine.descriptor.ClassBasedTestDescriptor.lambda$invokeTestInstancePostProcessors$11(ClassBasedTestDescriptor.java:378)
	at java.base/java.util.stream.ReferencePipeline$3$1.accept(ReferencePipeline.java:197)
	at java.base/java.util.stream.ReferencePipeline$2$1.accept(ReferencePipeline.java:179)
	at java.base/java.util.ArrayList$ArrayListSpliterator.forEachRemaining(ArrayList.java:1625)
	at java.base/java.util.stream.AbstractPipeline.copyInto(AbstractPipeline.java:509)
	at java.base/java.util.stream.AbstractPipeline.wrapAndCopyInto(AbstractPipeline.java:499)
	at java.base/java.util.stream.StreamSpliterators$WrappingSpliterator.forEachRemaining(StreamSpliterators.java:310)
	at java.base/java.util.stream.Streams$ConcatSpliterator.forEachRemaining(Streams.java:735)
	at java.base/java.util.stream.Streams$ConcatSpliterator.forEachRemaining(Streams.java:734)
	at java.base/java.util.stream.ReferencePipeline$Head.forEach(ReferencePipeline.java:762)
	at org.junit.jupiter.engine.descriptor.ClassBasedTestDescriptor.invokeTestInstancePostProcessors(ClassBasedTestDescriptor.java:377)
	at org.junit.jupiter.engine.descriptor.ClassBasedTestDescriptor.lambda$instantiateAndPostProcessTestInstance$6(ClassBasedTestDescriptor.java:290)
	at org.junit.platform.engine.support.hierarchical.ThrowableCollector.execute(ThrowableCollector.java:73)
	at org.junit.jupiter.engine.descriptor.ClassBasedTestDescriptor.instantiateAndPostProcessTestInstance(ClassBasedTestDescriptor.java:289)
	at org.junit.jupiter.engine.descriptor.ClassBasedTestDescriptor.lambda$testInstancesProvider$4(ClassBasedTestDescriptor.java:279)
	at java.base/java.util.Optional.orElseGet(Optional.java:364)
	at org.junit.jupiter.engine.descriptor.ClassBasedTestDescriptor.lambda$testInstancesProvider$5(ClassBasedTestDescriptor.java:278)
	at org.junit.jupiter.engine.execution.TestInstancesProvider.getTestInstances(TestInstancesProvider.java:31)
	at org.junit.jupiter.engine.descriptor.TestMethodTestDescriptor.lambda$prepare$0(TestMethodTestDescriptor.java:106)
	at org.junit.platform.engine.support.hierarchical.ThrowableCollector.execute(ThrowableCollector.java:73)
	at org.junit.jupiter.engine.descriptor.TestMethodTestDescriptor.prepare(TestMethodTestDescriptor.java:105)
	at org.junit.jupiter.engine.descriptor.TestMethodTestDescriptor.prepare(TestMethodTestDescriptor.java:69)
	at org.junit.platform.engine.support.hierarchical.NodeTestTask.lambda$prepare$2(NodeTestTask.java:123)
	at org.junit.platform.engine.support.hierarchical.ThrowableCollector.execute(ThrowableCollector.java:73)
	at org.junit.platform.engine.support.hierarchical.NodeTestTask.prepare(NodeTestTask.java:123)
	at org.junit.platform.engine.support.hierarchical.NodeTestTask.execute(NodeTestTask.java:90)
	at java.base/java.util.ArrayList.forEach(ArrayList.java:1511)
	at org.junit.platform.engine.support.hierarchical.SameThreadHierarchicalTestExecutorService.invokeAll(SameThreadHierarchicalTestExecutorService.java:41)
	at org.junit.platform.engine.support.hierarchical.NodeTestTask.lambda$executeRecursively$6(NodeTestTask.java:155)
	at org.junit.platform.engine.support.hierarchical.ThrowableCollector.execute(ThrowableCollector.java:73)
	at org.junit.platform.engine.support.hierarchical.NodeTestTask.lambda$executeRecursively$8(NodeTestTask.java:141)
	at org.junit.platform.engine.support.hierarchical.Node.around(Node.java:137)
	at org.junit.platform.engine.support.hierarchical.NodeTestTask.lambda$executeRecursively$9(NodeTestTask.java:139)
	at org.junit.platform.engine.support.hierarchical.ThrowableCollector.execute(ThrowableCollector.java:73)
	at org.junit.platform.engine.support.hierarchical.NodeTestTask.executeRecursively(NodeTestTask.java:138)
	at org.junit.platform.engine.support.hierarchical.NodeTestTask.execute(NodeTestTask.java:95)
	at java.base/java.util.ArrayList.forEach(ArrayList.java:1511)
	at org.junit.platform.engine.support.hierarchical.SameThreadHierarchicalTestExecutorService.invokeAll(SameThreadHierarchicalTestExecutorService.java:41)
	at org.junit.platform.engine.support.hierarchical.NodeTestTask.lambda$executeRecursively$6(NodeTestTask.java:155)
	at org.junit.platform.engine.support.hierarchical.ThrowableCollector.execute(ThrowableCollector.java:73)
	at org.junit.platform.engine.support.hierarchical.NodeTestTask.lambda$executeRecursively$8(NodeTestTask.java:141)
	at org.junit.platform.engine.support.hierarchical.Node.around(Node.java:137)
	at org.junit.platform.engine.support.hierarchical.NodeTestTask.lambda$executeRecursively$9(NodeTestTask.java:139)
	at org.junit.platform.engine.support.hierarchical.ThrowableCollector.execute(ThrowableCollector.java:73)
	at org.junit.platform.engine.support.hierarchical.NodeTestTask.executeRecursively(NodeTestTask.java:138)
	at org.junit.platform.engine.support.hierarchical.NodeTestTask.execute(NodeTestTask.java:95)
	at org.junit.platform.engine.support.hierarchical.SameThreadHierarchicalTestExecutorService.submit(SameThreadHierarchicalTestExecutorService.java:35)
	at org.junit.platform.engine.support.hierarchical.HierarchicalTestExecutor.execute(HierarchicalTestExecutor.java:57)
	at org.junit.platform.engine.support.hierarchical.HierarchicalTestEngine.execute(HierarchicalTestEngine.java:54)
	at org.junit.platform.launcher.core.EngineExecutionOrchestrator.execute(EngineExecutionOrchestrator.java:198)
	at org.junit.platform.launcher.core.EngineExecutionOrchestrator.execute(EngineExecutionOrchestrator.java:169)
	at org.junit.platform.launcher.core.EngineExecutionOrchestrator.execute(EngineExecutionOrchestrator.java:93)
	at org.junit.platform.launcher.core.EngineExecutionOrchestrator.lambda$execute$0(EngineExecutionOrchestrator.java:58)
	at org.junit.platform.launcher.core.EngineExecutionOrchestrator.withInterceptedStreams(EngineExecutionOrchestrator.java:141)
	at org.junit.platform.launcher.core.EngineExecutionOrchestrator.execute(EngineExecutionOrchestrator.java:57)
	at org.junit.platform.launcher.core.DefaultLauncher.execute(DefaultLauncher.java:103)
	at org.junit.platform.launcher.core.DefaultLauncher.execute(DefaultLauncher.java:85)
	at org.junit.platform.launcher.core.DelegatingLauncher.execute(DelegatingLauncher.java:47)
	at org.junit.platform.launcher.core.SessionPerRequestLauncher.execute(SessionPerRequestLauncher.java:63)
	at com.intellij.junit5.JUnit5IdeaTestRunner.startRunnerWithArgs(JUnit5IdeaTestRunner.java:57)
	at com.intellij.rt.junit.IdeaTestRunner$Repeater$1.execute(IdeaTestRunner.java:38)
	at com.intellij.rt.execution.junit.TestsRepeater.repeat(TestsRepeater.java:11)
	at com.intellij.rt.junit.IdeaTestRunner$Repeater.startRunnerWithArgs(IdeaTestRunner.java:35)
	at com.intellij.rt.junit.JUnitStarter.prepareStreamsAndStart(JUnitStarter.java:232)
	at com.intellij.rt.junit.JUnitStarter.main(JUnitStarter.java:55)
Caused by: org.springframework.beans.factory.UnsatisfiedDependencyException: Error creating bean with name 'feedController' defined in file [D:\Students\kth\greengram3\target\classes\com\green\greengram3\feed\FeedController.class]: Unsatisfied dependency expressed through constructor parameter 0: No qualifying bean of type 'com.green.greengram3.feed.FeedService' available: expected at least 1 bean which qualifies as autowire candidate. Dependency annotations: {}
	at org.springframework.beans.factory.support.ConstructorResolver.createArgumentArray(ConstructorResolver.java:802)
	at org.springframework.beans.factory.support.ConstructorResolver.autowireConstructor(ConstructorResolver.java:241)
	at org.springframework.beans.factory.support.AbstractAutowireCapableBeanFactory.autowireConstructor(AbstractAutowireCapableBeanFactory.java:1356)
	at org.springframework.beans.factory.support.AbstractAutowireCapableBeanFactory.createBeanInstance(AbstractAutowireCapableBeanFactory.java:1193)
	at org.springframework.beans.factory.support.AbstractAutowireCapableBeanFactory.doCreateBean(AbstractAutowireCapableBeanFactory.java:563)
	at org.springframework.beans.factory.support.AbstractAutowireCapableBeanFactory.createBean(AbstractAutowireCapableBeanFactory.java:523)
	at org.springframework.beans.factory.support.AbstractBeanFactory.lambda$doGetBean$0(AbstractBeanFactory.java:325)
	at org.springframework.beans.factory.support.DefaultSingletonBeanRegistry.getSingleton(DefaultSingletonBeanRegistry.java:234)
	at org.springframework.beans.factory.support.AbstractBeanFactory.doGetBean(AbstractBeanFactory.java:323)
	at org.springframework.beans.factory.support.AbstractBeanFactory.getBean(AbstractBeanFactory.java:199)
	at org.springframework.beans.factory.support.DefaultListableBeanFactory.preInstantiateSingletons(DefaultListableBeanFactory.java:973)
	at org.springframework.context.support.AbstractApplicationContext.finishBeanFactoryInitialization(AbstractApplicationContext.java:946)
	at org.springframework.context.support.AbstractApplicationContext.refresh(AbstractApplicationContext.java:616)
	at org.springframework.boot.SpringApplication.refresh(SpringApplication.java:753)
	at org.springframework.boot.SpringApplication.refreshContext(SpringApplication.java:455)
	at org.springframework.boot.SpringApplication.run(SpringApplication.java:323)
	at org.springframework.boot.test.context.SpringBootContextLoader.lambda$loadContext$3(SpringBootContextLoader.java:137)
	at org.springframework.util.function.ThrowingSupplier.get(ThrowingSupplier.java:58)
	at org.springframework.util.function.ThrowingSupplier.get(ThrowingSupplier.java:46)
	at org.springframework.boot.SpringApplication.withHook(SpringApplication.java:1442)
	at org.springframework.boot.test.context.SpringBootContextLoader$ContextLoaderHook.run(SpringBootContextLoader.java:552)
	at org.springframework.boot.test.context.SpringBootContextLoader.loadContext(SpringBootContextLoader.java:137)
	at org.springframework.boot.test.context.SpringBootContextLoader.loadContext(SpringBootContextLoader.java:108)
	at org.springframework.test.context.cache.DefaultCacheAwareContextLoaderDelegate.loadContextInternal(DefaultCacheAwareContextLoaderDelegate.java:225)
	at org.springframework.test.context.cache.DefaultCacheAwareContextLoaderDelegate.loadContext(DefaultCacheAwareContextLoaderDelegate.java:152)
	... 72 common frames omitted
Caused by: org.springframework.beans.factory.NoSuchBeanDefinitionException: No qualifying bean of type 'com.green.greengram3.feed.FeedService' available: expected at least 1 bean which qualifies as autowire candidate. Dependency annotations: {}
	at org.springframework.beans.factory.support.DefaultListableBeanFactory.raiseNoMatchingBeanFound(DefaultListableBeanFactory.java:1878)
	at org.springframework.beans.factory.support.DefaultListableBeanFactory.doResolveDependency(DefaultListableBeanFactory.java:1404)
	at org.springframework.beans.factory.support.DefaultListableBeanFactory.resolveDependency(DefaultListableBeanFactory.java:1348)
	at org.springframework.beans.factory.support.ConstructorResolver.resolveAutowiredArgument(ConstructorResolver.java:911)
	at org.springframework.beans.factory.support.ConstructorResolver.createArgumentArray(ConstructorResolver.java:789)
	... 96 common frames omitted
[2023-12-22 10:14:14 ERROR main] [org.springframework.test.context.TestContextManager] Caught exception while allowing TestExecutionListener [org.springframework.test.context.support.DependencyInjectionTestExecutionListener] to prepare test instance [com.green.greengram3.feed.FeedControllerTest@4730e0f0]
java.lang.IllegalStateException: ApplicationContext failure threshold (1) exceeded: skipping repeated attempt to load context for [WebMergedContextConfiguration@6a2c717f testClass = com.green.greengram3.feed.FeedControllerTest, locations = [], classes = [com.green.greengram3.Greengram3Application], contextInitializerClasses = [], activeProfiles = [], propertySourceDescriptors = [], propertySourceProperties = ["org.springframework.boot.test.autoconfigure.web.servlet.WebMvcTestContextBootstrapper=true"], contextCustomizers = [[ImportsContextCustomizer@41853299 key = [org.springframework.boot.autoconfigure.task.TaskExecutionAutoConfiguration, org.springframework.boot.autoconfigure.cache.CacheAutoConfiguration, org.springframework.boot.autoconfigure.web.servlet.HttpEncodingAutoConfiguration, org.springframework.boot.autoconfigure.validation.ValidationAutoConfiguration, org.springframework.boot.autoconfigure.context.MessageSourceAutoConfiguration, org.springframework.boot.autoconfigure.hateoas.HypermediaAutoConfiguration, org.springframework.boot.autoconfigure.data.web.SpringDataWebAutoConfiguration, org.springframework.boot.autoconfigure.jackson.JacksonAutoConfiguration, org.springframework.boot.test.autoconfigure.web.reactive.WebTestClientAutoConfiguration, org.springframework.boot.autoconfigure.web.servlet.error.ErrorMvcAutoConfiguration, org.springframework.boot.test.autoconfigure.web.servlet.MockMvcAutoConfiguration, org.springframework.boot.autoconfigure.security.servlet.SecurityAutoConfiguration, org.springframework.boot.autoconfigure.security.servlet.SecurityFilterAutoConfiguration, org.springframework.boot.autoconfigure.http.HttpMessageConvertersAutoConfiguration, org.springframework.boot.autoconfigure.security.oauth2.client.servlet.OAuth2ClientAutoConfiguration, org.springframework.boot.test.autoconfigure.web.servlet.MockMvcSecurityConfiguration, org.springframework.boot.test.autoconfigure.web.servlet.MockMvcWebClientAutoConfiguration, org.springframework.boot.test.autoconfigure.web.servlet.MockMvcWebDriverAutoConfiguration, org.springframework.boot.autoconfigure.thymeleaf.ThymeleafAutoConfiguration, org.springframework.boot.autoconfigure.gson.GsonAutoConfiguration, org.springframework.boot.autoconfigure.jsonb.JsonbAutoConfiguration, org.springframework.boot.autoconfigure.freemarker.FreeMarkerAutoConfiguration, org.springframework.boot.autoconfigure.web.servlet.WebMvcAutoConfiguration, org.springframework.boot.autoconfigure.security.servlet.UserDetailsServiceAutoConfiguration, org.springframework.boot.autoconfigure.security.oauth2.resource.servlet.OAuth2ResourceServerAutoConfiguration, org.springframework.boot.autoconfigure.groovy.template.GroovyTemplateAutoConfiguration, org.springframework.boot.autoconfigure.mustache.MustacheAutoConfiguration]], org.springframework.boot.test.context.filter.ExcludeFilterContextCustomizer@6f53b8a, org.springframework.boot.test.json.DuplicateJsonObjectContextCustomizerFactory$DuplicateJsonObjectContextCustomizer@6f01b95f, org.springframework.boot.test.mock.mockito.MockitoContextCustomizer@0, org.springframework.boot.test.autoconfigure.OverrideAutoConfigurationContextCustomizerFactory$DisableAutoConfigurationContextCustomizer@338fc1d8, org.springframework.boot.test.autoconfigure.actuate.observability.ObservabilityContextCustomizerFactory$DisableObservabilityContextCustomizer@1f, org.springframework.boot.test.autoconfigure.filter.TypeExcludeFiltersContextCustomizer@5978a5d7, org.springframework.boot.test.autoconfigure.properties.PropertyMappingContextCustomizer@435429ba, org.springframework.boot.test.autoconfigure.web.servlet.WebDriverContextCustomizer@1e16c0aa, org.springframework.boot.test.context.SpringBootTestAnnotation@af3eb70c], resourceBasePath = "src/main/webapp", contextLoader = org.springframework.boot.test.context.SpringBootContextLoader, parent = null]
	at org.springframework.test.context.cache.DefaultCacheAwareContextLoaderDelegate.loadContext(DefaultCacheAwareContextLoaderDelegate.java:145)
	at org.springframework.test.context.support.DefaultTestContext.getApplicationContext(DefaultTestContext.java:130)
	at org.springframework.test.context.support.DependencyInjectionTestExecutionListener.injectDependencies(DependencyInjectionTestExecutionListener.java:141)
	at org.springframework.test.context.support.DependencyInjectionTestExecutionListener.prepareTestInstance(DependencyInjectionTestExecutionListener.java:97)
	at org.springframework.test.context.TestContextManager.prepareTestInstance(TestContextManager.java:247)
	at org.springframework.test.context.junit.jupiter.SpringExtension.postProcessTestInstance(SpringExtension.java:163)
	at org.junit.jupiter.engine.descriptor.ClassBasedTestDescriptor.lambda$invokeTestInstancePostProcessors$10(ClassBasedTestDescriptor.java:378)
	at org.junit.jupiter.engine.descriptor.ClassBasedTestDescriptor.executeAndMaskThrowable(ClassBasedTestDescriptor.java:383)
	at org.junit.jupiter.engine.descriptor.ClassBasedTestDescriptor.lambda$invokeTestInstancePostProcessors$11(ClassBasedTestDescriptor.java:378)
	at java.base/java.util.stream.ReferencePipeline$3$1.accept(ReferencePipeline.java:197)
	at java.base/java.util.stream.ReferencePipeline$2$1.accept(ReferencePipeline.java:179)
	at java.base/java.util.ArrayList$ArrayListSpliterator.forEachRemaining(ArrayList.java:1625)
	at java.base/java.util.stream.AbstractPipeline.copyInto(AbstractPipeline.java:509)
	at java.base/java.util.stream.AbstractPipeline.wrapAndCopyInto(AbstractPipeline.java:499)
	at java.base/java.util.stream.StreamSpliterators$WrappingSpliterator.forEachRemaining(StreamSpliterators.java:310)
	at java.base/java.util.stream.Streams$ConcatSpliterator.forEachRemaining(Streams.java:735)
	at java.base/java.util.stream.Streams$ConcatSpliterator.forEachRemaining(Streams.java:734)
	at java.base/java.util.stream.ReferencePipeline$Head.forEach(ReferencePipeline.java:762)
	at org.junit.jupiter.engine.descriptor.ClassBasedTestDescriptor.invokeTestInstancePostProcessors(ClassBasedTestDescriptor.java:377)
	at org.junit.jupiter.engine.descriptor.ClassBasedTestDescriptor.lambda$instantiateAndPostProcessTestInstance$6(ClassBasedTestDescriptor.java:290)
	at org.junit.platform.engine.support.hierarchical.ThrowableCollector.execute(ThrowableCollector.java:73)
	at org.junit.jupiter.engine.descriptor.ClassBasedTestDescriptor.instantiateAndPostProcessTestInstance(ClassBasedTestDescriptor.java:289)
	at org.junit.jupiter.engine.descriptor.ClassBasedTestDescriptor.lambda$testInstancesProvider$4(ClassBasedTestDescriptor.java:279)
	at java.base/java.util.Optional.orElseGet(Optional.java:364)
	at org.junit.jupiter.engine.descriptor.ClassBasedTestDescriptor.lambda$testInstancesProvider$5(ClassBasedTestDescriptor.java:278)
	at org.junit.jupiter.engine.execution.TestInstancesProvider.getTestInstances(TestInstancesProvider.java:31)
	at org.junit.jupiter.engine.descriptor.TestMethodTestDescriptor.lambda$prepare$0(TestMethodTestDescriptor.java:106)
	at org.junit.platform.engine.support.hierarchical.ThrowableCollector.execute(ThrowableCollector.java:73)
	at org.junit.jupiter.engine.descriptor.TestMethodTestDescriptor.prepare(TestMethodTestDescriptor.java:105)
	at org.junit.jupiter.engine.descriptor.TestMethodTestDescriptor.prepare(TestMethodTestDescriptor.java:69)
	at org.junit.platform.engine.support.hierarchical.NodeTestTask.lambda$prepare$2(NodeTestTask.java:123)
	at org.junit.platform.engine.support.hierarchical.ThrowableCollector.execute(ThrowableCollector.java:73)
	at org.junit.platform.engine.support.hierarchical.NodeTestTask.prepare(NodeTestTask.java:123)
	at org.junit.platform.engine.support.hierarchical.NodeTestTask.execute(NodeTestTask.java:90)
	at java.base/java.util.ArrayList.forEach(ArrayList.java:1511)
	at org.junit.platform.engine.support.hierarchical.SameThreadHierarchicalTestExecutorService.invokeAll(SameThreadHierarchicalTestExecutorService.java:41)
	at org.junit.platform.engine.support.hierarchical.NodeTestTask.lambda$executeRecursively$6(NodeTestTask.java:155)
	at org.junit.platform.engine.support.hierarchical.ThrowableCollector.execute(ThrowableCollector.java:73)
	at org.junit.platform.engine.support.hierarchical.NodeTestTask.lambda$executeRecursively$8(NodeTestTask.java:141)
	at org.junit.platform.engine.support.hierarchical.Node.around(Node.java:137)
	at org.junit.platform.engine.support.hierarchical.NodeTestTask.lambda$executeRecursively$9(NodeTestTask.java:139)
	at org.junit.platform.engine.support.hierarchical.ThrowableCollector.execute(ThrowableCollector.java:73)
	at org.junit.platform.engine.support.hierarchical.NodeTestTask.executeRecursively(NodeTestTask.java:138)
	at org.junit.platform.engine.support.hierarchical.NodeTestTask.execute(NodeTestTask.java:95)
	at java.base/java.util.ArrayList.forEach(ArrayList.java:1511)
	at org.junit.platform.engine.support.hierarchical.SameThreadHierarchicalTestExecutorService.invokeAll(SameThreadHierarchicalTestExecutorService.java:41)
	at org.junit.platform.engine.support.hierarchical.NodeTestTask.lambda$executeRecursively$6(NodeTestTask.java:155)
	at org.junit.platform.engine.support.hierarchical.ThrowableCollector.execute(ThrowableCollector.java:73)
	at org.junit.platform.engine.support.hierarchical.NodeTestTask.lambda$executeRecursively$8(NodeTestTask.java:141)
	at org.junit.platform.engine.support.hierarchical.Node.around(Node.java:137)
	at org.junit.platform.engine.support.hierarchical.NodeTestTask.lambda$executeRecursively$9(NodeTestTask.java:139)
	at org.junit.platform.engine.support.hierarchical.ThrowableCollector.execute(ThrowableCollector.java:73)
	at org.junit.platform.engine.support.hierarchical.NodeTestTask.executeRecursively(NodeTestTask.java:138)
	at org.junit.platform.engine.support.hierarchical.NodeTestTask.execute(NodeTestTask.java:95)
	at org.junit.platform.engine.support.hierarchical.SameThreadHierarchicalTestExecutorService.submit(SameThreadHierarchicalTestExecutorService.java:35)
	at org.junit.platform.engine.support.hierarchical.HierarchicalTestExecutor.execute(HierarchicalTestExecutor.java:57)
	at org.junit.platform.engine.support.hierarchical.HierarchicalTestEngine.execute(HierarchicalTestEngine.java:54)
	at org.junit.platform.launcher.core.EngineExecutionOrchestrator.execute(EngineExecutionOrchestrator.java:198)
	at org.junit.platform.launcher.core.EngineExecutionOrchestrator.execute(EngineExecutionOrchestrator.java:169)
	at org.junit.platform.launcher.core.EngineExecutionOrchestrator.execute(EngineExecutionOrchestrator.java:93)
	at org.junit.platform.launcher.core.EngineExecutionOrchestrator.lambda$execute$0(EngineExecutionOrchestrator.java:58)
	at org.junit.platform.launcher.core.EngineExecutionOrchestrator.withInterceptedStreams(EngineExecutionOrchestrator.java:141)
	at org.junit.platform.launcher.core.EngineExecutionOrchestrator.execute(EngineExecutionOrchestrator.java:57)
	at org.junit.platform.launcher.core.DefaultLauncher.execute(DefaultLauncher.java:103)
	at org.junit.platform.launcher.core.DefaultLauncher.execute(DefaultLauncher.java:85)
	at org.junit.platform.launcher.core.DelegatingLauncher.execute(DelegatingLauncher.java:47)
	at org.junit.platform.launcher.core.SessionPerRequestLauncher.execute(SessionPerRequestLauncher.java:63)
	at com.intellij.junit5.JUnit5IdeaTestRunner.startRunnerWithArgs(JUnit5IdeaTestRunner.java:57)
	at com.intellij.rt.junit.IdeaTestRunner$Repeater$1.execute(IdeaTestRunner.java:38)
	at com.intellij.rt.execution.junit.TestsRepeater.repeat(TestsRepeater.java:11)
	at com.intellij.rt.junit.IdeaTestRunner$Repeater.startRunnerWithArgs(IdeaTestRunner.java:35)
	at com.intellij.rt.junit.JUnitStarter.prepareStreamsAndStart(JUnitStarter.java:232)
	at com.intellij.rt.junit.JUnitStarter.main(JUnitStarter.java:55)
[2023-12-22 10:14:14 ERROR main] [org.springframework.test.context.TestContextManager] Caught exception while allowing TestExecutionListener [org.springframework.test.context.support.DependencyInjectionTestExecutionListener] to prepare test instance [com.green.greengram3.feed.FeedControllerTest@1b7332a7]
java.lang.IllegalStateException: ApplicationContext failure threshold (1) exceeded: skipping repeated attempt to load context for [WebMergedContextConfiguration@6a2c717f testClass = com.green.greengram3.feed.FeedControllerTest, locations = [], classes = [com.green.greengram3.Greengram3Application], contextInitializerClasses = [], activeProfiles = [], propertySourceDescriptors = [], propertySourceProperties = ["org.springframework.boot.test.autoconfigure.web.servlet.WebMvcTestContextBootstrapper=true"], contextCustomizers = [[ImportsContextCustomizer@41853299 key = [org.springframework.boot.autoconfigure.task.TaskExecutionAutoConfiguration, org.springframework.boot.autoconfigure.cache.CacheAutoConfiguration, org.springframework.boot.autoconfigure.web.servlet.HttpEncodingAutoConfiguration, org.springframework.boot.autoconfigure.validation.ValidationAutoConfiguration, org.springframework.boot.autoconfigure.context.MessageSourceAutoConfiguration, org.springframework.boot.autoconfigure.hateoas.HypermediaAutoConfiguration, org.springframework.boot.autoconfigure.data.web.SpringDataWebAutoConfiguration, org.springframework.boot.autoconfigure.jackson.JacksonAutoConfiguration, org.springframework.boot.test.autoconfigure.web.reactive.WebTestClientAutoConfiguration, org.springframework.boot.autoconfigure.web.servlet.error.ErrorMvcAutoConfiguration, org.springframework.boot.test.autoconfigure.web.servlet.MockMvcAutoConfiguration, org.springframework.boot.autoconfigure.security.servlet.SecurityAutoConfiguration, org.springframework.boot.autoconfigure.security.servlet.SecurityFilterAutoConfiguration, org.springframework.boot.autoconfigure.http.HttpMessageConvertersAutoConfiguration, org.springframework.boot.autoconfigure.security.oauth2.client.servlet.OAuth2ClientAutoConfiguration, org.springframework.boot.test.autoconfigure.web.servlet.MockMvcSecurityConfiguration, org.springframework.boot.test.autoconfigure.web.servlet.MockMvcWebClientAutoConfiguration, org.springframework.boot.test.autoconfigure.web.servlet.MockMvcWebDriverAutoConfiguration, org.springframework.boot.autoconfigure.thymeleaf.ThymeleafAutoConfiguration, org.springframework.boot.autoconfigure.gson.GsonAutoConfiguration, org.springframework.boot.autoconfigure.jsonb.JsonbAutoConfiguration, org.springframework.boot.autoconfigure.freemarker.FreeMarkerAutoConfiguration, org.springframework.boot.autoconfigure.web.servlet.WebMvcAutoConfiguration, org.springframework.boot.autoconfigure.security.servlet.UserDetailsServiceAutoConfiguration, org.springframework.boot.autoconfigure.security.oauth2.resource.servlet.OAuth2ResourceServerAutoConfiguration, org.springframework.boot.autoconfigure.groovy.template.GroovyTemplateAutoConfiguration, org.springframework.boot.autoconfigure.mustache.MustacheAutoConfiguration]], org.springframework.boot.test.context.filter.ExcludeFilterContextCustomizer@6f53b8a, org.springframework.boot.test.json.DuplicateJsonObjectContextCustomizerFactory$DuplicateJsonObjectContextCustomizer@6f01b95f, org.springframework.boot.test.mock.mockito.MockitoContextCustomizer@0, org.springframework.boot.test.autoconfigure.OverrideAutoConfigurationContextCustomizerFactory$DisableAutoConfigurationContextCustomizer@338fc1d8, org.springframework.boot.test.autoconfigure.actuate.observability.ObservabilityContextCustomizerFactory$DisableObservabilityContextCustomizer@1f, org.springframework.boot.test.autoconfigure.filter.TypeExcludeFiltersContextCustomizer@5978a5d7, org.springframework.boot.test.autoconfigure.properties.PropertyMappingContextCustomizer@435429ba, org.springframework.boot.test.autoconfigure.web.servlet.WebDriverContextCustomizer@1e16c0aa, org.springframework.boot.test.context.SpringBootTestAnnotation@af3eb70c], resourceBasePath = "src/main/webapp", contextLoader = org.springframework.boot.test.context.SpringBootContextLoader, parent = null]
	at org.springframework.test.context.cache.DefaultCacheAwareContextLoaderDelegate.loadContext(DefaultCacheAwareContextLoaderDelegate.java:145)
	at org.springframework.test.context.support.DefaultTestContext.getApplicationContext(DefaultTestContext.java:130)
	at org.springframework.test.context.support.DependencyInjectionTestExecutionListener.injectDependencies(DependencyInjectionTestExecutionListener.java:141)
	at org.springframework.test.context.support.DependencyInjectionTestExecutionListener.prepareTestInstance(DependencyInjectionTestExecutionListener.java:97)
	at org.springframework.test.context.TestContextManager.prepareTestInstance(TestContextManager.java:247)
	at org.springframework.test.context.junit.jupiter.SpringExtension.postProcessTestInstance(SpringExtension.java:163)
	at org.junit.jupiter.engine.descriptor.ClassBasedTestDescriptor.lambda$invokeTestInstancePostProcessors$10(ClassBasedTestDescriptor.java:378)
	at org.junit.jupiter.engine.descriptor.ClassBasedTestDescriptor.executeAndMaskThrowable(ClassBasedTestDescriptor.java:383)
	at org.junit.jupiter.engine.descriptor.ClassBasedTestDescriptor.lambda$invokeTestInstancePostProcessors$11(ClassBasedTestDescriptor.java:378)
	at java.base/java.util.stream.ReferencePipeline$3$1.accept(ReferencePipeline.java:197)
	at java.base/java.util.stream.ReferencePipeline$2$1.accept(ReferencePipeline.java:179)
	at java.base/java.util.ArrayList$ArrayListSpliterator.forEachRemaining(ArrayList.java:1625)
	at java.base/java.util.stream.AbstractPipeline.copyInto(AbstractPipeline.java:509)
	at java.base/java.util.stream.AbstractPipeline.wrapAndCopyInto(AbstractPipeline.java:499)
	at java.base/java.util.stream.StreamSpliterators$WrappingSpliterator.forEachRemaining(StreamSpliterators.java:310)
	at java.base/java.util.stream.Streams$ConcatSpliterator.forEachRemaining(Streams.java:735)
	at java.base/java.util.stream.Streams$ConcatSpliterator.forEachRemaining(Streams.java:734)
	at java.base/java.util.stream.ReferencePipeline$Head.forEach(ReferencePipeline.java:762)
	at org.junit.jupiter.engine.descriptor.ClassBasedTestDescriptor.invokeTestInstancePostProcessors(ClassBasedTestDescriptor.java:377)
	at org.junit.jupiter.engine.descriptor.ClassBasedTestDescriptor.lambda$instantiateAndPostProcessTestInstance$6(ClassBasedTestDescriptor.java:290)
	at org.junit.platform.engine.support.hierarchical.ThrowableCollector.execute(ThrowableCollector.java:73)
	at org.junit.jupiter.engine.descriptor.ClassBasedTestDescriptor.instantiateAndPostProcessTestInstance(ClassBasedTestDescriptor.java:289)
	at org.junit.jupiter.engine.descriptor.ClassBasedTestDescriptor.lambda$testInstancesProvider$4(ClassBasedTestDescriptor.java:279)
	at java.base/java.util.Optional.orElseGet(Optional.java:364)
	at org.junit.jupiter.engine.descriptor.ClassBasedTestDescriptor.lambda$testInstancesProvider$5(ClassBasedTestDescriptor.java:278)
	at org.junit.jupiter.engine.execution.TestInstancesProvider.getTestInstances(TestInstancesProvider.java:31)
	at org.junit.jupiter.engine.descriptor.TestMethodTestDescriptor.lambda$prepare$0(TestMethodTestDescriptor.java:106)
	at org.junit.platform.engine.support.hierarchical.ThrowableCollector.execute(ThrowableCollector.java:73)
	at org.junit.jupiter.engine.descriptor.TestMethodTestDescriptor.prepare(TestMethodTestDescriptor.java:105)
	at org.junit.jupiter.engine.descriptor.TestMethodTestDescriptor.prepare(TestMethodTestDescriptor.java:69)
	at org.junit.platform.engine.support.hierarchical.NodeTestTask.lambda$prepare$2(NodeTestTask.java:123)
	at org.junit.platform.engine.support.hierarchical.ThrowableCollector.execute(ThrowableCollector.java:73)
	at org.junit.platform.engine.support.hierarchical.NodeTestTask.prepare(NodeTestTask.java:123)
	at org.junit.platform.engine.support.hierarchical.NodeTestTask.execute(NodeTestTask.java:90)
	at java.base/java.util.ArrayList.forEach(ArrayList.java:1511)
	at org.junit.platform.engine.support.hierarchical.SameThreadHierarchicalTestExecutorService.invokeAll(SameThreadHierarchicalTestExecutorService.java:41)
	at org.junit.platform.engine.support.hierarchical.NodeTestTask.lambda$executeRecursively$6(NodeTestTask.java:155)
	at org.junit.platform.engine.support.hierarchical.ThrowableCollector.execute(ThrowableCollector.java:73)
	at org.junit.platform.engine.support.hierarchical.NodeTestTask.lambda$executeRecursively$8(NodeTestTask.java:141)
	at org.junit.platform.engine.support.hierarchical.Node.around(Node.java:137)
	at org.junit.platform.engine.support.hierarchical.NodeTestTask.lambda$executeRecursively$9(NodeTestTask.java:139)
	at org.junit.platform.engine.support.hierarchical.ThrowableCollector.execute(ThrowableCollector.java:73)
	at org.junit.platform.engine.support.hierarchical.NodeTestTask.executeRecursively(NodeTestTask.java:138)
	at org.junit.platform.engine.support.hierarchical.NodeTestTask.execute(NodeTestTask.java:95)
	at java.base/java.util.ArrayList.forEach(ArrayList.java:1511)
	at org.junit.platform.engine.support.hierarchical.SameThreadHierarchicalTestExecutorService.invokeAll(SameThreadHierarchicalTestExecutorService.java:41)
	at org.junit.platform.engine.support.hierarchical.NodeTestTask.lambda$executeRecursively$6(NodeTestTask.java:155)
	at org.junit.platform.engine.support.hierarchical.ThrowableCollector.execute(ThrowableCollector.java:73)
	at org.junit.platform.engine.support.hierarchical.NodeTestTask.lambda$executeRecursively$8(NodeTestTask.java:141)
	at org.junit.platform.engine.support.hierarchical.Node.around(Node.java:137)
	at org.junit.platform.engine.support.hierarchical.NodeTestTask.lambda$executeRecursively$9(NodeTestTask.java:139)
	at org.junit.platform.engine.support.hierarchical.ThrowableCollector.execute(ThrowableCollector.java:73)
	at org.junit.platform.engine.support.hierarchical.NodeTestTask.executeRecursively(NodeTestTask.java:138)
	at org.junit.platform.engine.support.hierarchical.NodeTestTask.execute(NodeTestTask.java:95)
	at org.junit.platform.engine.support.hierarchical.SameThreadHierarchicalTestExecutorService.submit(SameThreadHierarchicalTestExecutorService.java:35)
	at org.junit.platform.engine.support.hierarchical.HierarchicalTestExecutor.execute(HierarchicalTestExecutor.java:57)
	at org.junit.platform.engine.support.hierarchical.HierarchicalTestEngine.execute(HierarchicalTestEngine.java:54)
	at org.junit.platform.launcher.core.EngineExecutionOrchestrator.execute(EngineExecutionOrchestrator.java:198)
	at org.junit.platform.launcher.core.EngineExecutionOrchestrator.execute(EngineExecutionOrchestrator.java:169)
	at org.junit.platform.launcher.core.EngineExecutionOrchestrator.execute(EngineExecutionOrchestrator.java:93)
	at org.junit.platform.launcher.core.EngineExecutionOrchestrator.lambda$execute$0(EngineExecutionOrchestrator.java:58)
	at org.junit.platform.launcher.core.EngineExecutionOrchestrator.withInterceptedStreams(EngineExecutionOrchestrator.java:141)
	at org.junit.platform.launcher.core.EngineExecutionOrchestrator.execute(EngineExecutionOrchestrator.java:57)
	at org.junit.platform.launcher.core.DefaultLauncher.execute(DefaultLauncher.java:103)
	at org.junit.platform.launcher.core.DefaultLauncher.execute(DefaultLauncher.java:85)
	at org.junit.platform.launcher.core.DelegatingLauncher.execute(DelegatingLauncher.java:47)
	at org.junit.platform.launcher.core.SessionPerRequestLauncher.execute(SessionPerRequestLauncher.java:63)
	at com.intellij.junit5.JUnit5IdeaTestRunner.startRunnerWithArgs(JUnit5IdeaTestRunner.java:57)
	at com.intellij.rt.junit.IdeaTestRunner$Repeater$1.execute(IdeaTestRunner.java:38)
	at com.intellij.rt.execution.junit.TestsRepeater.repeat(TestsRepeater.java:11)
	at com.intellij.rt.junit.IdeaTestRunner$Repeater.startRunnerWithArgs(IdeaTestRunner.java:35)
	at com.intellij.rt.junit.JUnitStarter.prepareStreamsAndStart(JUnitStarter.java:232)
	at com.intellij.rt.junit.JUnitStarter.main(JUnitStarter.java:55)
[2023-12-22 10:14:14 ERROR main] [org.springframework.test.context.TestContextManager] Caught exception while allowing TestExecutionListener [org.springframework.test.context.support.DependencyInjectionTestExecutionListener] to prepare test instance [com.green.greengram3.feed.FeedControllerTest@37b56ac7]
java.lang.IllegalStateException: ApplicationContext failure threshold (1) exceeded: skipping repeated attempt to load context for [WebMergedContextConfiguration@6a2c717f testClass = com.green.greengram3.feed.FeedControllerTest, locations = [], classes = [com.green.greengram3.Greengram3Application], contextInitializerClasses = [], activeProfiles = [], propertySourceDescriptors = [], propertySourceProperties = ["org.springframework.boot.test.autoconfigure.web.servlet.WebMvcTestContextBootstrapper=true"], contextCustomizers = [[ImportsContextCustomizer@41853299 key = [org.springframework.boot.autoconfigure.task.TaskExecutionAutoConfiguration, org.springframework.boot.autoconfigure.cache.CacheAutoConfiguration, org.springframework.boot.autoconfigure.web.servlet.HttpEncodingAutoConfiguration, org.springframework.boot.autoconfigure.validation.ValidationAutoConfiguration, org.springframework.boot.autoconfigure.context.MessageSourceAutoConfiguration, org.springframework.boot.autoconfigure.hateoas.HypermediaAutoConfiguration, org.springframework.boot.autoconfigure.data.web.SpringDataWebAutoConfiguration, org.springframework.boot.autoconfigure.jackson.JacksonAutoConfiguration, org.springframework.boot.test.autoconfigure.web.reactive.WebTestClientAutoConfiguration, org.springframework.boot.autoconfigure.web.servlet.error.ErrorMvcAutoConfiguration, org.springframework.boot.test.autoconfigure.web.servlet.MockMvcAutoConfiguration, org.springframework.boot.autoconfigure.security.servlet.SecurityAutoConfiguration, org.springframework.boot.autoconfigure.security.servlet.SecurityFilterAutoConfiguration, org.springframework.boot.autoconfigure.http.HttpMessageConvertersAutoConfiguration, org.springframework.boot.autoconfigure.security.oauth2.client.servlet.OAuth2ClientAutoConfiguration, org.springframework.boot.test.autoconfigure.web.servlet.MockMvcSecurityConfiguration, org.springframework.boot.test.autoconfigure.web.servlet.MockMvcWebClientAutoConfiguration, org.springframework.boot.test.autoconfigure.web.servlet.MockMvcWebDriverAutoConfiguration, org.springframework.boot.autoconfigure.thymeleaf.ThymeleafAutoConfiguration, org.springframework.boot.autoconfigure.gson.GsonAutoConfiguration, org.springframework.boot.autoconfigure.jsonb.JsonbAutoConfiguration, org.springframework.boot.autoconfigure.freemarker.FreeMarkerAutoConfiguration, org.springframework.boot.autoconfigure.web.servlet.WebMvcAutoConfiguration, org.springframework.boot.autoconfigure.security.servlet.UserDetailsServiceAutoConfiguration, org.springframework.boot.autoconfigure.security.oauth2.resource.servlet.OAuth2ResourceServerAutoConfiguration, org.springframework.boot.autoconfigure.groovy.template.GroovyTemplateAutoConfiguration, org.springframework.boot.autoconfigure.mustache.MustacheAutoConfiguration]], org.springframework.boot.test.context.filter.ExcludeFilterContextCustomizer@6f53b8a, org.springframework.boot.test.json.DuplicateJsonObjectContextCustomizerFactory$DuplicateJsonObjectContextCustomizer@6f01b95f, org.springframework.boot.test.mock.mockito.MockitoContextCustomizer@0, org.springframework.boot.test.autoconfigure.OverrideAutoConfigurationContextCustomizerFactory$DisableAutoConfigurationContextCustomizer@338fc1d8, org.springframework.boot.test.autoconfigure.actuate.observability.ObservabilityContextCustomizerFactory$DisableObservabilityContextCustomizer@1f, org.springframework.boot.test.autoconfigure.filter.TypeExcludeFiltersContextCustomizer@5978a5d7, org.springframework.boot.test.autoconfigure.properties.PropertyMappingContextCustomizer@435429ba, org.springframework.boot.test.autoconfigure.web.servlet.WebDriverContextCustomizer@1e16c0aa, org.springframework.boot.test.context.SpringBootTestAnnotation@af3eb70c], resourceBasePath = "src/main/webapp", contextLoader = org.springframework.boot.test.context.SpringBootContextLoader, parent = null]
	at org.springframework.test.context.cache.DefaultCacheAwareContextLoaderDelegate.loadContext(DefaultCacheAwareContextLoaderDelegate.java:145)
	at org.springframework.test.context.support.DefaultTestContext.getApplicationContext(DefaultTestContext.java:130)
	at org.springframework.test.context.support.DependencyInjectionTestExecutionListener.injectDependencies(DependencyInjectionTestExecutionListener.java:141)
	at org.springframework.test.context.support.DependencyInjectionTestExecutionListener.prepareTestInstance(DependencyInjectionTestExecutionListener.java:97)
	at org.springframework.test.context.TestContextManager.prepareTestInstance(TestContextManager.java:247)
	at org.springframework.test.context.junit.jupiter.SpringExtension.postProcessTestInstance(SpringExtension.java:163)
	at org.junit.jupiter.engine.descriptor.ClassBasedTestDescriptor.lambda$invokeTestInstancePostProcessors$10(ClassBasedTestDescriptor.java:378)
	at org.junit.jupiter.engine.descriptor.ClassBasedTestDescriptor.executeAndMaskThrowable(ClassBasedTestDescriptor.java:383)
	at org.junit.jupiter.engine.descriptor.ClassBasedTestDescriptor.lambda$invokeTestInstancePostProcessors$11(ClassBasedTestDescriptor.java:378)
	at java.base/java.util.stream.ReferencePipeline$3$1.accept(ReferencePipeline.java:197)
	at java.base/java.util.stream.ReferencePipeline$2$1.accept(ReferencePipeline.java:179)
	at java.base/java.util.ArrayList$ArrayListSpliterator.forEachRemaining(ArrayList.java:1625)
	at java.base/java.util.stream.AbstractPipeline.copyInto(AbstractPipeline.java:509)
	at java.base/java.util.stream.AbstractPipeline.wrapAndCopyInto(AbstractPipeline.java:499)
	at java.base/java.util.stream.StreamSpliterators$WrappingSpliterator.forEachRemaining(StreamSpliterators.java:310)
	at java.base/java.util.stream.Streams$ConcatSpliterator.forEachRemaining(Streams.java:735)
	at java.base/java.util.stream.Streams$ConcatSpliterator.forEachRemaining(Streams.java:734)
	at java.base/java.util.stream.ReferencePipeline$Head.forEach(ReferencePipeline.java:762)
	at org.junit.jupiter.engine.descriptor.ClassBasedTestDescriptor.invokeTestInstancePostProcessors(ClassBasedTestDescriptor.java:377)
	at org.junit.jupiter.engine.descriptor.ClassBasedTestDescriptor.lambda$instantiateAndPostProcessTestInstance$6(ClassBasedTestDescriptor.java:290)
	at org.junit.platform.engine.support.hierarchical.ThrowableCollector.execute(ThrowableCollector.java:73)
	at org.junit.jupiter.engine.descriptor.ClassBasedTestDescriptor.instantiateAndPostProcessTestInstance(ClassBasedTestDescriptor.java:289)
	at org.junit.jupiter.engine.descriptor.ClassBasedTestDescriptor.lambda$testInstancesProvider$4(ClassBasedTestDescriptor.java:279)
	at java.base/java.util.Optional.orElseGet(Optional.java:364)
	at org.junit.jupiter.engine.descriptor.ClassBasedTestDescriptor.lambda$testInstancesProvider$5(ClassBasedTestDescriptor.java:278)
	at org.junit.jupiter.engine.execution.TestInstancesProvider.getTestInstances(TestInstancesProvider.java:31)
	at org.junit.jupiter.engine.descriptor.TestMethodTestDescriptor.lambda$prepare$0(TestMethodTestDescriptor.java:106)
	at org.junit.platform.engine.support.hierarchical.ThrowableCollector.execute(ThrowableCollector.java:73)
	at org.junit.jupiter.engine.descriptor.TestMethodTestDescriptor.prepare(TestMethodTestDescriptor.java:105)
	at org.junit.jupiter.engine.descriptor.TestMethodTestDescriptor.prepare(TestMethodTestDescriptor.java:69)
	at org.junit.platform.engine.support.hierarchical.NodeTestTask.lambda$prepare$2(NodeTestTask.java:123)
	at org.junit.platform.engine.support.hierarchical.ThrowableCollector.execute(ThrowableCollector.java:73)
	at org.junit.platform.engine.support.hierarchical.NodeTestTask.prepare(NodeTestTask.java:123)
	at org.junit.platform.engine.support.hierarchical.NodeTestTask.execute(NodeTestTask.java:90)
	at java.base/java.util.ArrayList.forEach(ArrayList.java:1511)
	at org.junit.platform.engine.support.hierarchical.SameThreadHierarchicalTestExecutorService.invokeAll(SameThreadHierarchicalTestExecutorService.java:41)
	at org.junit.platform.engine.support.hierarchical.NodeTestTask.lambda$executeRecursively$6(NodeTestTask.java:155)
	at org.junit.platform.engine.support.hierarchical.ThrowableCollector.execute(ThrowableCollector.java:73)
	at org.junit.platform.engine.support.hierarchical.NodeTestTask.lambda$executeRecursively$8(NodeTestTask.java:141)
	at org.junit.platform.engine.support.hierarchical.Node.around(Node.java:137)
	at org.junit.platform.engine.support.hierarchical.NodeTestTask.lambda$executeRecursively$9(NodeTestTask.java:139)
	at org.junit.platform.engine.support.hierarchical.ThrowableCollector.execute(ThrowableCollector.java:73)
	at org.junit.platform.engine.support.hierarchical.NodeTestTask.executeRecursively(NodeTestTask.java:138)
	at org.junit.platform.engine.support.hierarchical.NodeTestTask.execute(NodeTestTask.java:95)
	at java.base/java.util.ArrayList.forEach(ArrayList.java:1511)
	at org.junit.platform.engine.support.hierarchical.SameThreadHierarchicalTestExecutorService.invokeAll(SameThreadHierarchicalTestExecutorService.java:41)
	at org.junit.platform.engine.support.hierarchical.NodeTestTask.lambda$executeRecursively$6(NodeTestTask.java:155)
	at org.junit.platform.engine.support.hierarchical.ThrowableCollector.execute(ThrowableCollector.java:73)
	at org.junit.platform.engine.support.hierarchical.NodeTestTask.lambda$executeRecursively$8(NodeTestTask.java:141)
	at org.junit.platform.engine.support.hierarchical.Node.around(Node.java:137)
	at org.junit.platform.engine.support.hierarchical.NodeTestTask.lambda$executeRecursively$9(NodeTestTask.java:139)
	at org.junit.platform.engine.support.hierarchical.ThrowableCollector.execute(ThrowableCollector.java:73)
	at org.junit.platform.engine.support.hierarchical.NodeTestTask.executeRecursively(NodeTestTask.java:138)
	at org.junit.platform.engine.support.hierarchical.NodeTestTask.execute(NodeTestTask.java:95)
	at org.junit.platform.engine.support.hierarchical.SameThreadHierarchicalTestExecutorService.submit(SameThreadHierarchicalTestExecutorService.java:35)
	at org.junit.platform.engine.support.hierarchical.HierarchicalTestExecutor.execute(HierarchicalTestExecutor.java:57)
	at org.junit.platform.engine.support.hierarchical.HierarchicalTestEngine.execute(HierarchicalTestEngine.java:54)
	at org.junit.platform.launcher.core.EngineExecutionOrchestrator.execute(EngineExecutionOrchestrator.java:198)
	at org.junit.platform.launcher.core.EngineExecutionOrchestrator.execute(EngineExecutionOrchestrator.java:169)
	at org.junit.platform.launcher.core.EngineExecutionOrchestrator.execute(EngineExecutionOrchestrator.java:93)
	at org.junit.platform.launcher.core.EngineExecutionOrchestrator.lambda$execute$0(EngineExecutionOrchestrator.java:58)
	at org.junit.platform.launcher.core.EngineExecutionOrchestrator.withInterceptedStreams(EngineExecutionOrchestrator.java:141)
	at org.junit.platform.launcher.core.EngineExecutionOrchestrator.execute(EngineExecutionOrchestrator.java:57)
	at org.junit.platform.launcher.core.DefaultLauncher.execute(DefaultLauncher.java:103)
	at org.junit.platform.launcher.core.DefaultLauncher.execute(DefaultLauncher.java:85)
	at org.junit.platform.launcher.core.DelegatingLauncher.execute(DelegatingLauncher.java:47)
	at org.junit.platform.launcher.core.SessionPerRequestLauncher.execute(SessionPerRequestLauncher.java:63)
	at com.intellij.junit5.JUnit5IdeaTestRunner.startRunnerWithArgs(JUnit5IdeaTestRunner.java:57)
	at com.intellij.rt.junit.IdeaTestRunner$Repeater$1.execute(IdeaTestRunner.java:38)
	at com.intellij.rt.execution.junit.TestsRepeater.repeat(TestsRepeater.java:11)
	at com.intellij.rt.junit.IdeaTestRunner$Repeater.startRunnerWithArgs(IdeaTestRunner.java:35)
	at com.intellij.rt.junit.JUnitStarter.prepareStreamsAndStart(JUnitStarter.java:232)
	at com.intellij.rt.junit.JUnitStarter.main(JUnitStarter.java:55)
[2023-12-22 10:16:04 INFO  main] [com.green.greengram3.feed.FeedControllerTest] Starting FeedControllerTest using Java 17.0.8.1 with PID 9776 (started by Administrator in D:\Students\kth\greengram3)
[2023-12-22 10:16:04 INFO  main] [com.green.greengram3.feed.FeedControllerTest] No active profile set, falling back to 1 default profile: "default"
[2023-12-22 10:16:05 INFO  main] [org.springframework.boot.autoconfigure.web.servlet.WelcomePageHandlerMapping] Adding welcome page: class path resource [static/index.html]
[2023-12-22 10:16:05 INFO  main] [org.springframework.boot.test.mock.web.SpringBootMockServletContext] Initializing Spring TestDispatcherServlet ''
[2023-12-22 10:16:05 INFO  main] [org.springframework.test.web.servlet.TestDispatcherServlet] Initializing Servlet ''
[2023-12-22 10:16:05 INFO  main] [org.springframework.test.web.servlet.TestDispatcherServlet] Completed initialization in 0 ms
[2023-12-22 10:16:06 INFO  main] [com.green.greengram3.feed.FeedControllerTest] Started FeedControllerTest in 1.641 seconds (process running for 2.37)
[2023-12-22 10:50:23 INFO  main] [com.green.greengram3.feed.FeedControllerTest] Starting FeedControllerTest using Java 17.0.8.1 with PID 9800 (started by Administrator in D:\Students\kth\greengram3)
[2023-12-22 10:50:23 INFO  main] [com.green.greengram3.feed.FeedControllerTest] No active profile set, falling back to 1 default profile: "default"
[2023-12-22 10:50:24 INFO  main] [org.springframework.boot.autoconfigure.web.servlet.WelcomePageHandlerMapping] Adding welcome page: class path resource [static/index.html]
[2023-12-22 10:50:24 INFO  main] [org.springframework.boot.test.mock.web.SpringBootMockServletContext] Initializing Spring TestDispatcherServlet ''
[2023-12-22 10:50:24 INFO  main] [org.springframework.test.web.servlet.TestDispatcherServlet] Initializing Servlet ''
[2023-12-22 10:50:24 INFO  main] [org.springframework.test.web.servlet.TestDispatcherServlet] Completed initialization in 1 ms
[2023-12-22 10:50:24 INFO  main] [com.green.greengram3.feed.FeedControllerTest] Started FeedControllerTest in 1.636 seconds (process running for 2.379)
[2023-12-22 10:50:24 INFO  main] [com.green.greengram3.feed.FeedController] dto : FeedInsDto(iuser=0, contents=null, location=null, pics=null):
[2023-12-22 10:55:00 INFO  main] [com.green.greengram3.feed.FeedControllerTest] Starting FeedControllerTest using Java 17.0.8.1 with PID 9968 (started by Administrator in D:\Students\kth\greengram3)
[2023-12-22 10:55:00 INFO  main] [com.green.greengram3.feed.FeedControllerTest] No active profile set, falling back to 1 default profile: "default"
[2023-12-22 10:55:01 INFO  main] [org.springframework.boot.autoconfigure.web.servlet.WelcomePageHandlerMapping] Adding welcome page: class path resource [static/index.html]
[2023-12-22 10:55:01 INFO  main] [org.springframework.boot.test.mock.web.SpringBootMockServletContext] Initializing Spring TestDispatcherServlet ''
[2023-12-22 10:55:01 INFO  main] [org.springframework.test.web.servlet.TestDispatcherServlet] Initializing Servlet ''
[2023-12-22 10:55:01 INFO  main] [org.springframework.test.web.servlet.TestDispatcherServlet] Completed initialization in 1 ms
[2023-12-22 10:55:01 INFO  main] [com.green.greengram3.feed.FeedControllerTest] Started FeedControllerTest in 1.638 seconds (process running for 2.378)
[2023-12-22 11:43:16 INFO  main] [com.green.greengram3.feed.FeedControllerTest] Starting FeedControllerTest using Java 17.0.8.1 with PID 10408 (started by Administrator in D:\Students\kth\greengram3)
[2023-12-22 11:43:16 INFO  main] [com.green.greengram3.feed.FeedControllerTest] No active profile set, falling back to 1 default profile: "default"
[2023-12-22 11:43:17 INFO  main] [org.springframework.boot.autoconfigure.web.servlet.WelcomePageHandlerMapping] Adding welcome page: class path resource [static/index.html]
[2023-12-22 11:43:18 INFO  main] [org.springframework.boot.test.mock.web.SpringBootMockServletContext] Initializing Spring TestDispatcherServlet ''
[2023-12-22 11:43:18 INFO  main] [org.springframework.test.web.servlet.TestDispatcherServlet] Initializing Servlet ''
[2023-12-22 11:43:18 INFO  main] [org.springframework.test.web.servlet.TestDispatcherServlet] Completed initialization in 1 ms
[2023-12-22 11:43:18 INFO  main] [com.green.greengram3.feed.FeedControllerTest] Started FeedControllerTest in 1.61 seconds (process running for 2.388)
[2023-12-22 11:49:24 INFO  main] [com.green.greengram3.feed.FeedControllerTest] Starting FeedControllerTest using Java 17.0.8.1 with PID 10968 (started by Administrator in D:\Students\kth\greengram3)
[2023-12-22 11:49:24 INFO  main] [com.green.greengram3.feed.FeedControllerTest] No active profile set, falling back to 1 default profile: "default"
[2023-12-22 11:49:26 INFO  main] [org.springframework.boot.autoconfigure.web.servlet.WelcomePageHandlerMapping] Adding welcome page: class path resource [static/index.html]
[2023-12-22 11:49:26 INFO  main] [org.springframework.boot.test.mock.web.SpringBootMockServletContext] Initializing Spring TestDispatcherServlet ''
[2023-12-22 11:49:26 INFO  main] [org.springframework.test.web.servlet.TestDispatcherServlet] Initializing Servlet ''
[2023-12-22 11:49:26 INFO  main] [org.springframework.test.web.servlet.TestDispatcherServlet] Completed initialization in 0 ms
[2023-12-22 11:49:26 INFO  main] [com.green.greengram3.feed.FeedControllerTest] Started FeedControllerTest in 1.641 seconds (process running for 2.393)
[2023-12-22 11:51:02 INFO  main] [com.green.greengram3.feed.FeedControllerTest] Starting FeedControllerTest using Java 17.0.8.1 with PID 4720 (started by Administrator in D:\Students\kth\greengram3)
[2023-12-22 11:51:02 INFO  main] [com.green.greengram3.feed.FeedControllerTest] No active profile set, falling back to 1 default profile: "default"
[2023-12-22 11:51:03 INFO  main] [org.springframework.boot.autoconfigure.web.servlet.WelcomePageHandlerMapping] Adding welcome page: class path resource [static/index.html]
[2023-12-22 11:51:04 INFO  main] [org.springframework.boot.test.mock.web.SpringBootMockServletContext] Initializing Spring TestDispatcherServlet ''
[2023-12-22 11:51:04 INFO  main] [org.springframework.test.web.servlet.TestDispatcherServlet] Initializing Servlet ''
[2023-12-22 11:51:04 INFO  main] [org.springframework.test.web.servlet.TestDispatcherServlet] Completed initialization in 1 ms
[2023-12-22 11:51:04 INFO  main] [com.green.greengram3.feed.FeedControllerTest] Started FeedControllerTest in 1.641 seconds (process running for 2.359)
[2023-12-22 11:51:04 INFO  main] [com.green.greengram3.feed.FeedController] dto : FeedSelDto(page=0, loginedIuser=4, targetIuser=0, isFavList=0, startIdx=20, feedCnt=20)
[2023-12-22 11:56:47 INFO  main] [com.green.greengram3.feed.FeedControllerTest] Starting FeedControllerTest using Java 17.0.8.1 with PID 5488 (started by Administrator in D:\Students\kth\greengram3)
[2023-12-22 11:56:47 INFO  main] [com.green.greengram3.feed.FeedControllerTest] No active profile set, falling back to 1 default profile: "default"
[2023-12-22 11:56:48 INFO  main] [org.springframework.boot.autoconfigure.web.servlet.WelcomePageHandlerMapping] Adding welcome page: class path resource [static/index.html]
[2023-12-22 11:56:49 INFO  main] [org.springframework.boot.test.mock.web.SpringBootMockServletContext] Initializing Spring TestDispatcherServlet ''
[2023-12-22 11:56:49 INFO  main] [org.springframework.test.web.servlet.TestDispatcherServlet] Initializing Servlet ''
[2023-12-22 11:56:49 INFO  main] [org.springframework.test.web.servlet.TestDispatcherServlet] Completed initialization in 1 ms
[2023-12-22 11:56:49 INFO  main] [com.green.greengram3.feed.FeedControllerTest] Started FeedControllerTest in 1.633 seconds (process running for 2.388)
[2023-12-22 11:56:49 INFO  main] [com.green.greengram3.feed.FeedController] dto : FeedSelDto(page=0, loginedIuser=4, targetIuser=0, isFavList=0, startIdx=20, feedCnt=20)
[2023-12-22 12:00:49 INFO  main] [com.green.greengram3.feed.FeedControllerTest] Starting FeedControllerTest using Java 17.0.8.1 with PID 10084 (started by Administrator in D:\Students\kth\greengram3)
[2023-12-22 12:00:49 INFO  main] [com.green.greengram3.feed.FeedControllerTest] No active profile set, falling back to 1 default profile: "default"
[2023-12-22 12:00:50 INFO  main] [org.springframework.boot.autoconfigure.web.servlet.WelcomePageHandlerMapping] Adding welcome page: class path resource [static/index.html]
[2023-12-22 12:00:50 INFO  main] [org.springframework.boot.test.mock.web.SpringBootMockServletContext] Initializing Spring TestDispatcherServlet ''
[2023-12-22 12:00:50 INFO  main] [org.springframework.test.web.servlet.TestDispatcherServlet] Initializing Servlet ''
[2023-12-22 12:00:50 INFO  main] [org.springframework.test.web.servlet.TestDispatcherServlet] Completed initialization in 1 ms
[2023-12-22 12:00:50 INFO  main] [com.green.greengram3.feed.FeedControllerTest] Started FeedControllerTest in 1.618 seconds (process running for 2.385)
[2023-12-22 12:04:03 INFO  main] [com.green.greengram3.feed.FeedControllerTest] Starting FeedControllerTest using Java 17.0.8.1 with PID 11160 (started by Administrator in D:\Students\kth\greengram3)
[2023-12-22 12:04:03 INFO  main] [com.green.greengram3.feed.FeedControllerTest] No active profile set, falling back to 1 default profile: "default"
[2023-12-22 12:04:04 INFO  main] [org.springframework.boot.autoconfigure.web.servlet.WelcomePageHandlerMapping] Adding welcome page: class path resource [static/index.html]
[2023-12-22 12:04:04 INFO  main] [org.springframework.boot.test.mock.web.SpringBootMockServletContext] Initializing Spring TestDispatcherServlet ''
[2023-12-22 12:04:04 INFO  main] [org.springframework.test.web.servlet.TestDispatcherServlet] Initializing Servlet ''
[2023-12-22 12:04:04 INFO  main] [org.springframework.test.web.servlet.TestDispatcherServlet] Completed initialization in 1 ms
[2023-12-22 12:04:04 INFO  main] [com.green.greengram3.feed.FeedControllerTest] Started FeedControllerTest in 1.636 seconds (process running for 2.374)
[2023-12-22 12:08:34 INFO  main] [com.green.greengram3.feed.FeedControllerTest] Starting FeedControllerTest using Java 17.0.8.1 with PID 9348 (started by Administrator in D:\Students\kth\greengram3)
[2023-12-22 12:08:34 INFO  main] [com.green.greengram3.feed.FeedControllerTest] No active profile set, falling back to 1 default profile: "default"
[2023-12-22 12:08:35 INFO  main] [org.springframework.boot.autoconfigure.web.servlet.WelcomePageHandlerMapping] Adding welcome page: class path resource [static/index.html]
[2023-12-22 12:08:36 INFO  main] [org.springframework.boot.test.mock.web.SpringBootMockServletContext] Initializing Spring TestDispatcherServlet ''
[2023-12-22 12:08:36 INFO  main] [org.springframework.test.web.servlet.TestDispatcherServlet] Initializing Servlet ''
[2023-12-22 12:08:36 INFO  main] [org.springframework.test.web.servlet.TestDispatcherServlet] Completed initialization in 1 ms
[2023-12-22 12:08:36 INFO  main] [com.green.greengram3.feed.FeedControllerTest] Started FeedControllerTest in 1.6 seconds (process running for 2.346)
[2023-12-22 12:08:59 INFO  main] [com.green.greengram3.feed.FeedControllerTest] Starting FeedControllerTest using Java 17.0.8.1 with PID 11060 (started by Administrator in D:\Students\kth\greengram3)
[2023-12-22 12:08:59 INFO  main] [com.green.greengram3.feed.FeedControllerTest] No active profile set, falling back to 1 default profile: "default"
[2023-12-22 12:09:00 INFO  main] [org.springframework.boot.autoconfigure.web.servlet.WelcomePageHandlerMapping] Adding welcome page: class path resource [static/index.html]
[2023-12-22 12:09:00 INFO  main] [org.springframework.boot.test.mock.web.SpringBootMockServletContext] Initializing Spring TestDispatcherServlet ''
[2023-12-22 12:09:00 INFO  main] [org.springframework.test.web.servlet.TestDispatcherServlet] Initializing Servlet ''
[2023-12-22 12:09:00 INFO  main] [org.springframework.test.web.servlet.TestDispatcherServlet] Completed initialization in 1 ms
[2023-12-22 12:09:00 INFO  main] [com.green.greengram3.feed.FeedControllerTest] Started FeedControllerTest in 1.633 seconds (process running for 2.41)
[2023-12-22 12:10:30 INFO  main] [com.green.greengram3.feed.FeedControllerTest] Starting FeedControllerTest using Java 17.0.8.1 with PID 7204 (started by Administrator in D:\Students\kth\greengram3)
[2023-12-22 12:10:30 INFO  main] [com.green.greengram3.feed.FeedControllerTest] No active profile set, falling back to 1 default profile: "default"
[2023-12-22 12:10:31 INFO  main] [org.springframework.boot.autoconfigure.web.servlet.WelcomePageHandlerMapping] Adding welcome page: class path resource [static/index.html]
[2023-12-22 12:10:32 INFO  main] [org.springframework.boot.test.mock.web.SpringBootMockServletContext] Initializing Spring TestDispatcherServlet ''
[2023-12-22 12:10:32 INFO  main] [org.springframework.test.web.servlet.TestDispatcherServlet] Initializing Servlet ''
[2023-12-22 12:10:32 INFO  main] [org.springframework.test.web.servlet.TestDispatcherServlet] Completed initialization in 1 ms
[2023-12-22 12:10:32 INFO  main] [com.green.greengram3.feed.FeedControllerTest] Started FeedControllerTest in 1.618 seconds (process running for 2.376)
[2023-12-22 12:10:40 INFO  main] [com.green.greengram3.feed.FeedControllerTest] Starting FeedControllerTest using Java 17.0.8.1 with PID 7012 (started by Administrator in D:\Students\kth\greengram3)
[2023-12-22 12:10:40 INFO  main] [com.green.greengram3.feed.FeedControllerTest] No active profile set, falling back to 1 default profile: "default"
[2023-12-22 12:10:41 INFO  main] [org.springframework.boot.autoconfigure.web.servlet.WelcomePageHandlerMapping] Adding welcome page: class path resource [static/index.html]
[2023-12-22 12:10:41 INFO  main] [org.springframework.boot.test.mock.web.SpringBootMockServletContext] Initializing Spring TestDispatcherServlet ''
[2023-12-22 12:10:41 INFO  main] [org.springframework.test.web.servlet.TestDispatcherServlet] Initializing Servlet ''
[2023-12-22 12:10:41 INFO  main] [org.springframework.test.web.servlet.TestDispatcherServlet] Completed initialization in 1 ms
[2023-12-22 12:10:41 INFO  main] [com.green.greengram3.feed.FeedControllerTest] Started FeedControllerTest in 1.59 seconds (process running for 2.352)
[2023-12-22 12:16:58 INFO  main] [com.green.greengram3.feed.FeedControllerTest] Starting FeedControllerTest using Java 17.0.8.1 with PID 9784 (started by Administrator in D:\Students\kth\greengram3)
[2023-12-22 12:16:58 INFO  main] [com.green.greengram3.feed.FeedControllerTest] No active profile set, falling back to 1 default profile: "default"
[2023-12-22 12:16:59 INFO  main] [org.springframework.boot.autoconfigure.web.servlet.WelcomePageHandlerMapping] Adding welcome page: class path resource [static/index.html]
[2023-12-22 12:17:00 INFO  main] [org.springframework.boot.test.mock.web.SpringBootMockServletContext] Initializing Spring TestDispatcherServlet ''
[2023-12-22 12:17:00 INFO  main] [org.springframework.test.web.servlet.TestDispatcherServlet] Initializing Servlet ''
[2023-12-22 12:17:00 INFO  main] [org.springframework.test.web.servlet.TestDispatcherServlet] Completed initialization in 0 ms
[2023-12-22 12:17:00 INFO  main] [com.green.greengram3.feed.FeedControllerTest] Started FeedControllerTest in 1.673 seconds (process running for 2.443)
[2023-12-22 12:17:09 INFO  main] [com.green.greengram3.feed.FeedControllerTest] Starting FeedControllerTest using Java 17.0.8.1 with PID 5748 (started by Administrator in D:\Students\kth\greengram3)
[2023-12-22 12:17:09 INFO  main] [com.green.greengram3.feed.FeedControllerTest] No active profile set, falling back to 1 default profile: "default"
[2023-12-22 12:17:10 INFO  main] [org.springframework.boot.autoconfigure.web.servlet.WelcomePageHandlerMapping] Adding welcome page: class path resource [static/index.html]
[2023-12-22 12:17:10 INFO  main] [org.springframework.boot.test.mock.web.SpringBootMockServletContext] Initializing Spring TestDispatcherServlet ''
[2023-12-22 12:17:10 INFO  main] [org.springframework.test.web.servlet.TestDispatcherServlet] Initializing Servlet ''
[2023-12-22 12:17:10 INFO  main] [org.springframework.test.web.servlet.TestDispatcherServlet] Completed initialization in 1 ms
[2023-12-22 12:17:10 INFO  main] [com.green.greengram3.feed.FeedControllerTest] Started FeedControllerTest in 1.645 seconds (process running for 2.4)
[2023-12-22 12:19:46 INFO  main] [com.green.greengram3.feed.FeedControllerTest] Starting FeedControllerTest using Java 17.0.8.1 with PID 10600 (started by Administrator in D:\Students\kth\greengram3)
[2023-12-22 12:19:46 INFO  main] [com.green.greengram3.feed.FeedControllerTest] No active profile set, falling back to 1 default profile: "default"
[2023-12-22 12:19:47 INFO  main] [org.springframework.boot.autoconfigure.web.servlet.WelcomePageHandlerMapping] Adding welcome page: class path resource [static/index.html]
[2023-12-22 12:19:47 INFO  main] [org.springframework.boot.test.mock.web.SpringBootMockServletContext] Initializing Spring TestDispatcherServlet ''
[2023-12-22 12:19:47 INFO  main] [org.springframework.test.web.servlet.TestDispatcherServlet] Initializing Servlet ''
[2023-12-22 12:19:47 INFO  main] [org.springframework.test.web.servlet.TestDispatcherServlet] Completed initialization in 1 ms
[2023-12-22 12:19:47 INFO  main] [com.green.greengram3.feed.FeedControllerTest] Started FeedControllerTest in 1.642 seconds (process running for 2.398)
[2023-12-22 12:20:06 INFO  main] [com.green.greengram3.feed.FeedControllerTest] Starting FeedControllerTest using Java 17.0.8.1 with PID 10232 (started by Administrator in D:\Students\kth\greengram3)
[2023-12-22 12:20:06 INFO  main] [com.green.greengram3.feed.FeedControllerTest] No active profile set, falling back to 1 default profile: "default"
[2023-12-22 12:20:07 INFO  main] [org.springframework.boot.autoconfigure.web.servlet.WelcomePageHandlerMapping] Adding welcome page: class path resource [static/index.html]
[2023-12-22 12:20:08 INFO  main] [org.springframework.boot.test.mock.web.SpringBootMockServletContext] Initializing Spring TestDispatcherServlet ''
[2023-12-22 12:20:08 INFO  main] [org.springframework.test.web.servlet.TestDispatcherServlet] Initializing Servlet ''
[2023-12-22 12:20:08 INFO  main] [org.springframework.test.web.servlet.TestDispatcherServlet] Completed initialization in 1 ms
[2023-12-22 12:20:08 INFO  main] [com.green.greengram3.feed.FeedControllerTest] Started FeedControllerTest in 1.602 seconds (process running for 2.343)
[2023-12-22 12:20:28 INFO  main] [com.green.greengram3.feed.FeedControllerTest] Starting FeedControllerTest using Java 17.0.8.1 with PID 9692 (started by Administrator in D:\Students\kth\greengram3)
[2023-12-22 12:20:28 INFO  main] [com.green.greengram3.feed.FeedControllerTest] No active profile set, falling back to 1 default profile: "default"
[2023-12-22 12:20:29 INFO  main] [org.springframework.boot.autoconfigure.web.servlet.WelcomePageHandlerMapping] Adding welcome page: class path resource [static/index.html]
[2023-12-22 12:20:29 INFO  main] [org.springframework.boot.test.mock.web.SpringBootMockServletContext] Initializing Spring TestDispatcherServlet ''
[2023-12-22 12:20:29 INFO  main] [org.springframework.test.web.servlet.TestDispatcherServlet] Initializing Servlet ''
[2023-12-22 12:20:29 INFO  main] [org.springframework.test.web.servlet.TestDispatcherServlet] Completed initialization in 1 ms
[2023-12-22 12:20:29 INFO  main] [com.green.greengram3.feed.FeedControllerTest] Started FeedControllerTest in 1.628 seconds (process running for 2.393)
[2023-12-22 12:23:44 INFO  main] [com.green.greengram3.feed.FeedControllerTest] Starting FeedControllerTest using Java 17.0.8.1 with PID 10524 (started by Administrator in D:\Students\kth\greengram3)
[2023-12-22 12:23:44 INFO  main] [com.green.greengram3.feed.FeedControllerTest] No active profile set, falling back to 1 default profile: "default"
[2023-12-22 12:23:45 INFO  main] [org.springframework.boot.autoconfigure.web.servlet.WelcomePageHandlerMapping] Adding welcome page: class path resource [static/index.html]
[2023-12-22 12:23:45 INFO  main] [org.springframework.boot.test.mock.web.SpringBootMockServletContext] Initializing Spring TestDispatcherServlet ''
[2023-12-22 12:23:45 INFO  main] [org.springframework.test.web.servlet.TestDispatcherServlet] Initializing Servlet ''
[2023-12-22 12:23:45 INFO  main] [org.springframework.test.web.servlet.TestDispatcherServlet] Completed initialization in 1 ms
[2023-12-22 12:23:45 INFO  main] [com.green.greengram3.feed.FeedControllerTest] Started FeedControllerTest in 1.645 seconds (process running for 2.395)
[2023-12-22 12:33:44 INFO  main] [com.green.greengram3.feed.FeedControllerTest] Starting FeedControllerTest using Java 17.0.8.1 with PID 1384 (started by Administrator in D:\Students\kth\greengram3)
[2023-12-22 12:33:44 INFO  main] [com.green.greengram3.feed.FeedControllerTest] No active profile set, falling back to 1 default profile: "default"
[2023-12-22 12:33:45 INFO  main] [org.springframework.boot.autoconfigure.web.servlet.WelcomePageHandlerMapping] Adding welcome page: class path resource [static/index.html]
[2023-12-22 12:33:45 INFO  main] [org.springframework.boot.test.mock.web.SpringBootMockServletContext] Initializing Spring TestDispatcherServlet ''
[2023-12-22 12:33:45 INFO  main] [org.springframework.test.web.servlet.TestDispatcherServlet] Initializing Servlet ''
[2023-12-22 12:33:45 INFO  main] [org.springframework.test.web.servlet.TestDispatcherServlet] Completed initialization in 1 ms
[2023-12-22 12:33:45 INFO  main] [com.green.greengram3.feed.FeedControllerTest] Started FeedControllerTest in 1.644 seconds (process running for 2.379)
[2023-12-22 12:34:29 INFO  main] [com.green.greengram3.feed.FeedControllerTest] Starting FeedControllerTest using Java 17.0.8.1 with PID 5016 (started by Administrator in D:\Students\kth\greengram3)
[2023-12-22 12:34:29 INFO  main] [com.green.greengram3.feed.FeedControllerTest] No active profile set, falling back to 1 default profile: "default"
[2023-12-22 12:34:30 INFO  main] [org.springframework.boot.autoconfigure.web.servlet.WelcomePageHandlerMapping] Adding welcome page: class path resource [static/index.html]
[2023-12-22 12:34:30 INFO  main] [org.springframework.boot.test.mock.web.SpringBootMockServletContext] Initializing Spring TestDispatcherServlet ''
[2023-12-22 12:34:30 INFO  main] [org.springframework.test.web.servlet.TestDispatcherServlet] Initializing Servlet ''
[2023-12-22 12:34:30 INFO  main] [org.springframework.test.web.servlet.TestDispatcherServlet] Completed initialization in 1 ms
[2023-12-22 12:34:30 INFO  main] [com.green.greengram3.feed.FeedControllerTest] Started FeedControllerTest in 1.631 seconds (process running for 2.374)
[2023-12-22 12:34:30 WARN  main] [org.springframework.web.servlet.mvc.support.DefaultHandlerExceptionResolver] Resolved [org.springframework.http.converter.HttpMessageNotReadableException: Required request body is missing: public com.green.greengram3.common.ResVo com.green.greengram3.feed.FeedController.postFeed(com.green.greengram3.feed.model.FeedInsDto)]
[2023-12-22 12:35:54 INFO  main] [com.green.greengram3.feed.FeedControllerTest] Starting FeedControllerTest using Java 17.0.8.1 with PID 9764 (started by Administrator in D:\Students\kth\greengram3)
[2023-12-22 12:35:54 INFO  main] [com.green.greengram3.feed.FeedControllerTest] No active profile set, falling back to 1 default profile: "default"
[2023-12-22 12:35:55 INFO  main] [org.springframework.boot.autoconfigure.web.servlet.WelcomePageHandlerMapping] Adding welcome page: class path resource [static/index.html]
[2023-12-22 12:35:55 INFO  main] [org.springframework.boot.test.mock.web.SpringBootMockServletContext] Initializing Spring TestDispatcherServlet ''
[2023-12-22 12:35:55 INFO  main] [org.springframework.test.web.servlet.TestDispatcherServlet] Initializing Servlet ''
[2023-12-22 12:35:55 INFO  main] [org.springframework.test.web.servlet.TestDispatcherServlet] Completed initialization in 1 ms
[2023-12-22 12:35:55 INFO  main] [com.green.greengram3.feed.FeedControllerTest] Started FeedControllerTest in 1.63 seconds (process running for 2.391)
[2023-12-22 12:35:59 INFO  main] [com.green.greengram3.feed.FeedControllerTest] Starting FeedControllerTest using Java 17.0.8.1 with PID 10600 (started by Administrator in D:\Students\kth\greengram3)
[2023-12-22 12:35:59 INFO  main] [com.green.greengram3.feed.FeedControllerTest] No active profile set, falling back to 1 default profile: "default"
[2023-12-22 12:36:00 INFO  main] [org.springframework.boot.autoconfigure.web.servlet.WelcomePageHandlerMapping] Adding welcome page: class path resource [static/index.html]
[2023-12-22 12:36:00 INFO  main] [org.springframework.boot.test.mock.web.SpringBootMockServletContext] Initializing Spring TestDispatcherServlet ''
[2023-12-22 12:36:00 INFO  main] [org.springframework.test.web.servlet.TestDispatcherServlet] Initializing Servlet ''
[2023-12-22 12:36:00 INFO  main] [org.springframework.test.web.servlet.TestDispatcherServlet] Completed initialization in 1 ms
[2023-12-22 12:36:00 INFO  main] [com.green.greengram3.feed.FeedControllerTest] Started FeedControllerTest in 1.683 seconds (process running for 2.433)
[2023-12-22 12:36:08 INFO  main] [com.green.greengram3.feed.FeedControllerTest] Starting FeedControllerTest using Java 17.0.8.1 with PID 3488 (started by Administrator in D:\Students\kth\greengram3)
[2023-12-22 12:36:08 INFO  main] [com.green.greengram3.feed.FeedControllerTest] No active profile set, falling back to 1 default profile: "default"
[2023-12-22 12:36:09 INFO  main] [org.springframework.boot.autoconfigure.web.servlet.WelcomePageHandlerMapping] Adding welcome page: class path resource [static/index.html]
[2023-12-22 12:36:09 INFO  main] [org.springframework.boot.test.mock.web.SpringBootMockServletContext] Initializing Spring TestDispatcherServlet ''
[2023-12-22 12:36:09 INFO  main] [org.springframework.test.web.servlet.TestDispatcherServlet] Initializing Servlet ''
[2023-12-22 12:36:09 INFO  main] [org.springframework.test.web.servlet.TestDispatcherServlet] Completed initialization in 1 ms
[2023-12-22 12:36:09 INFO  main] [com.green.greengram3.feed.FeedControllerTest] Started FeedControllerTest in 1.624 seconds (process running for 2.366)
[2023-12-22 12:59:55 INFO  main] [com.green.greengram3.feed.FeedControllerTest] Starting FeedControllerTest using Java 17.0.8.1 with PID 8392 (started by Administrator in D:\Students\kth\greengram3)
[2023-12-22 12:59:55 INFO  main] [com.green.greengram3.feed.FeedControllerTest] No active profile set, falling back to 1 default profile: "default"
[2023-12-22 12:59:56 INFO  main] [org.springframework.boot.autoconfigure.web.servlet.WelcomePageHandlerMapping] Adding welcome page: class path resource [static/index.html]
[2023-12-22 12:59:56 INFO  main] [org.springframework.boot.test.mock.web.SpringBootMockServletContext] Initializing Spring TestDispatcherServlet ''
[2023-12-22 12:59:56 INFO  main] [org.springframework.test.web.servlet.TestDispatcherServlet] Initializing Servlet ''
[2023-12-22 12:59:56 INFO  main] [org.springframework.test.web.servlet.TestDispatcherServlet] Completed initialization in 1 ms
[2023-12-22 12:59:56 INFO  main] [com.green.greengram3.feed.FeedControllerTest] Started FeedControllerTest in 1.629 seconds (process running for 2.372)
[2023-12-22 13:00:46 INFO  main] [com.green.greengram3.feed.FeedControllerTest] Starting FeedControllerTest using Java 17.0.8.1 with PID 3176 (started by Administrator in D:\Students\kth\greengram3)
[2023-12-22 13:00:46 INFO  main] [com.green.greengram3.feed.FeedControllerTest] No active profile set, falling back to 1 default profile: "default"
[2023-12-22 13:00:47 INFO  main] [org.springframework.boot.autoconfigure.web.servlet.WelcomePageHandlerMapping] Adding welcome page: class path resource [static/index.html]
[2023-12-22 13:00:47 INFO  main] [org.springframework.boot.test.mock.web.SpringBootMockServletContext] Initializing Spring TestDispatcherServlet ''
[2023-12-22 13:00:47 INFO  main] [org.springframework.test.web.servlet.TestDispatcherServlet] Initializing Servlet ''
[2023-12-22 13:00:47 INFO  main] [org.springframework.test.web.servlet.TestDispatcherServlet] Completed initialization in 1 ms
[2023-12-22 13:00:47 INFO  main] [com.green.greengram3.feed.FeedControllerTest] Started FeedControllerTest in 1.602 seconds (process running for 2.356)
[2023-12-22 13:01:35 INFO  main] [com.green.greengram3.feed.FeedControllerTest] Starting FeedControllerTest using Java 17.0.8.1 with PID 11148 (started by Administrator in D:\Students\kth\greengram3)
[2023-12-22 13:01:35 INFO  main] [com.green.greengram3.feed.FeedControllerTest] No active profile set, falling back to 1 default profile: "default"
[2023-12-22 13:01:36 INFO  main] [org.springframework.boot.autoconfigure.web.servlet.WelcomePageHandlerMapping] Adding welcome page: class path resource [static/index.html]
[2023-12-22 13:01:36 INFO  main] [org.springframework.boot.test.mock.web.SpringBootMockServletContext] Initializing Spring TestDispatcherServlet ''
[2023-12-22 13:01:36 INFO  main] [org.springframework.test.web.servlet.TestDispatcherServlet] Initializing Servlet ''
[2023-12-22 13:01:36 INFO  main] [org.springframework.test.web.servlet.TestDispatcherServlet] Completed initialization in 1 ms
[2023-12-22 13:01:36 INFO  main] [com.green.greengram3.feed.FeedControllerTest] Started FeedControllerTest in 1.634 seconds (process running for 2.418)
[2023-12-22 13:01:49 INFO  main] [com.green.greengram3.feed.FeedControllerTest] Starting FeedControllerTest using Java 17.0.8.1 with PID 10692 (started by Administrator in D:\Students\kth\greengram3)
[2023-12-22 13:01:49 INFO  main] [com.green.greengram3.feed.FeedControllerTest] No active profile set, falling back to 1 default profile: "default"
[2023-12-22 13:01:50 INFO  main] [org.springframework.boot.autoconfigure.web.servlet.WelcomePageHandlerMapping] Adding welcome page: class path resource [static/index.html]
[2023-12-22 13:01:50 INFO  main] [org.springframework.boot.test.mock.web.SpringBootMockServletContext] Initializing Spring TestDispatcherServlet ''
[2023-12-22 13:01:50 INFO  main] [org.springframework.test.web.servlet.TestDispatcherServlet] Initializing Servlet ''
[2023-12-22 13:01:50 INFO  main] [org.springframework.test.web.servlet.TestDispatcherServlet] Completed initialization in 1 ms
[2023-12-22 13:01:50 INFO  main] [com.green.greengram3.feed.FeedControllerTest] Started FeedControllerTest in 1.61 seconds (process running for 2.355)
[2023-12-22 13:02:33 INFO  main] [com.green.greengram3.feed.FeedControllerTest] Starting FeedControllerTest using Java 17.0.8.1 with PID 11228 (started by Administrator in D:\Students\kth\greengram3)
[2023-12-22 13:02:33 INFO  main] [com.green.greengram3.feed.FeedControllerTest] No active profile set, falling back to 1 default profile: "default"
[2023-12-22 13:02:34 INFO  main] [org.springframework.boot.autoconfigure.web.servlet.WelcomePageHandlerMapping] Adding welcome page: class path resource [static/index.html]
[2023-12-22 13:02:34 INFO  main] [org.springframework.boot.test.mock.web.SpringBootMockServletContext] Initializing Spring TestDispatcherServlet ''
[2023-12-22 13:02:34 INFO  main] [org.springframework.test.web.servlet.TestDispatcherServlet] Initializing Servlet ''
[2023-12-22 13:02:34 INFO  main] [org.springframework.test.web.servlet.TestDispatcherServlet] Completed initialization in 1 ms
[2023-12-22 13:02:34 INFO  main] [com.green.greengram3.feed.FeedControllerTest] Started FeedControllerTest in 1.659 seconds (process running for 2.433)
[2023-12-22 13:04:30 INFO  main] [com.green.greengram3.feed.FeedControllerTest] Starting FeedControllerTest using Java 17.0.8.1 with PID 10608 (started by Administrator in D:\Students\kth\greengram3)
[2023-12-22 13:04:30 INFO  main] [com.green.greengram3.feed.FeedControllerTest] No active profile set, falling back to 1 default profile: "default"
[2023-12-22 13:04:31 INFO  main] [org.springframework.boot.autoconfigure.web.servlet.WelcomePageHandlerMapping] Adding welcome page: class path resource [static/index.html]
[2023-12-22 13:04:31 INFO  main] [org.springframework.boot.test.mock.web.SpringBootMockServletContext] Initializing Spring TestDispatcherServlet ''
[2023-12-22 13:04:31 INFO  main] [org.springframework.test.web.servlet.TestDispatcherServlet] Initializing Servlet ''
[2023-12-22 13:04:31 INFO  main] [org.springframework.test.web.servlet.TestDispatcherServlet] Completed initialization in 1 ms
[2023-12-22 13:04:31 INFO  main] [com.green.greengram3.feed.FeedControllerTest] Started FeedControllerTest in 1.619 seconds (process running for 2.382)
[2023-12-22 13:04:40 INFO  main] [com.green.greengram3.feed.FeedControllerTest] Starting FeedControllerTest using Java 17.0.8.1 with PID 9324 (started by Administrator in D:\Students\kth\greengram3)
[2023-12-22 13:04:40 INFO  main] [com.green.greengram3.feed.FeedControllerTest] No active profile set, falling back to 1 default profile: "default"
[2023-12-22 13:04:41 INFO  main] [org.springframework.boot.autoconfigure.web.servlet.WelcomePageHandlerMapping] Adding welcome page: class path resource [static/index.html]
[2023-12-22 13:04:41 INFO  main] [org.springframework.boot.test.mock.web.SpringBootMockServletContext] Initializing Spring TestDispatcherServlet ''
[2023-12-22 13:04:41 INFO  main] [org.springframework.test.web.servlet.TestDispatcherServlet] Initializing Servlet ''
[2023-12-22 13:04:41 INFO  main] [org.springframework.test.web.servlet.TestDispatcherServlet] Completed initialization in 0 ms
[2023-12-22 13:04:41 INFO  main] [com.green.greengram3.feed.FeedControllerTest] Started FeedControllerTest in 1.611 seconds (process running for 2.37)
